INFO  30.01.2017 23:29:35  Trying to initialize repositories from: 
    C:\Users\Gvozd\GitRepositories\magnolia-5.5.1\apache-tomcat-8.5.5\webapps\magnoliaAuthor\WEB-INF\bootstrap\author
    C:\Users\Gvozd\GitRepositories\magnolia-5.5.1\apache-tomcat-8.5.5\webapps\magnoliaAuthor\WEB-INF\bootstrap\common
INFO  30.01.2017 23:29:35  Repository [dam] has been initialized.
INFO  30.01.2017 23:29:35  Repository [forum] has been initialized.
INFO  30.01.2017 23:29:35  Repository [contacts] has been initialized.
INFO  30.01.2017 23:29:35  Repository [usergroups] has been initialized.
INFO  30.01.2017 23:29:35  Repository [products] has been initialized.
INFO  30.01.2017 23:29:35  Repository [templates] has been initialized.
INFO  30.01.2017 23:29:35  Repository [magnolia-mgnlSystem] has been initialized.
INFO  30.01.2017 23:29:35  Repository [scripts] has been initialized.
INFO  30.01.2017 23:29:35  Repository [tours] has been initialized.
INFO  30.01.2017 23:29:35  Repository [website] has been initialized.
INFO  30.01.2017 23:29:35  Repository [magnolia-mgnlVersion] has been initialized.
INFO  30.01.2017 23:29:35  Repository [userroles] has been initialized.
INFO  30.01.2017 23:29:35  Repository [googleSitemaps] has been initialized.
INFO  30.01.2017 23:29:35  Repository [profiles] has been initialized.
INFO  30.01.2017 23:29:35  Repository [users] has been initialized.
INFO  30.01.2017 23:29:35  Repository [tasks] has been initialized.
INFO  30.01.2017 23:29:35  Repository [imaging] has been initialized.
INFO  30.01.2017 23:29:35  Repository [category] has been initialized.
INFO  30.01.2017 23:29:35  Repository [rss] has been initialized.
INFO  30.01.2017 23:29:35  Repository [default] has been initialized.
INFO  30.01.2017 23:29:35  Repository [resources] has been initialized.
INFO  30.01.2017 23:29:35  Repository [messages] has been initialized.
INFO  30.01.2017 23:29:35  Repository [config] has been initialized.
INFO  30.01.2017 23:29:35  Repository [dms] has been initialized.
